info: 2/9/2024, 2:54:58 PM : Request received: /getItem
info: 2/9/2024, 2:55:01 PM : Request received: /getItems
info: 2/9/2024, 3:21:20 PM : Request received: /addItem
info: 2/9/2024, 3:21:40 PM : Request received: /deleteItem
info: 2/9/2024, 3:22:06 PM : Request received: /addItem
info: 2/9/2024, 3:22:40 PM : Request received: /updateItem face_mask
info: 2/9/2024, 3:23:01 PM : Request received: /updateItem face_mask
info: 2/9/2024, 3:24:50 PM : Request received: /getItem
info: 2/9/2024, 3:25:21 PM : Request received: /getItem
info: 2/9/2024, 3:25:28 PM : Request received: /getItems
info: 2/9/2024, 3:25:34 PM : Request received: /addItem
info: 2/9/2024, 3:25:39 PM : Request received: /addItem
info: 2/9/2024, 3:28:00 PM : Request received: /addItem
info: 2/9/2024, 3:28:09 PM : Request received: /addItem
info: 2/9/2024, 3:28:14 PM : Request received: /addItem
info: 2/9/2024, 3:28:20 PM : Request received: /addItem
info: 2/9/2024, 3:38:28 PM : Request received: /getItem
info: 2/9/2024, 3:38:34 PM : Request received: /getItems
info: 2/9/2024, 3:38:43 PM : Request received: /addItem
info: 2/9/2024, 3:38:47 PM : Request received: /getItem
info: 2/9/2024, 3:38:51 PM : Request received: /updateItem face_mask
info: 2/9/2024, 3:39:00 PM : Request received: /deleteItem
info: 2/9/2024, 3:41:52 PM : Request received: /getItems
info: 2/9/2024, 3:42:29 PM : Request received: /addItem
info: 2/9/2024, 3:42:42 PM : Request received: /addItem
info: 2/9/2024, 3:42:47 PM : Request received: /updateItem face_mask
info: 2/9/2024, 3:42:50 PM : Request received: /deleteItem
