info: 1/27/2024, 12:46:27 AM : Item has been updated in the inventory!
        {
            Name: test new 2, 
            Quantity: quantity test 3546445, 
            Price: 5992
        }
        
info: 1/27/2024, 12:46:27 AM : Item has been updated in the inventory!
info: 1/27/2024, 12:46:57 AM : test ssd7 Item has been deleted from the inventory!
info: 1/27/2024, 12:46:57 AM : Item has been deleted from the inventory!
info: 1/27/2024, 12:47:26 AM : test ssddd7 Item has been deleted from the inventory!
info: 1/27/2024, 12:47:26 AM : Item has been deleted from the inventory!
info: 1/27/2024, 4:19:30 PM : New Item has been added to the inventory!
           {
                 Name: test, 
                 Quantity: 66, 
                 Price: 55
                 }
info: 1/27/2024, 4:19:30 PM : Item has been added to the inventory!
info: 1/27/2024, 4:20:44 PM : Item has been updated in the inventory!
        {
            Name: test, 
            Quantity: 123, 
            Price: 5992
        }
        
info: 1/27/2024, 4:20:44 PM : Item has been updated in the inventory!
info: 1/27/2024, 4:21:46 PM : test Item has been deleted from the inventory!
info: 1/27/2024, 4:21:46 PM : Item has been deleted from the inventory!
