info: 1/27/2024, 12:42:26 AM : Request received: /addItem
info: 1/27/2024, 12:42:26 AM : Request received: /addItem
info: 1/27/2024, 12:42:33 AM : Request received: /addItem
info: 1/27/2024, 12:42:33 AM : Request received: /addItem
info: 1/27/2024, 12:42:40 AM : Request received: /getItem
info: 1/27/2024, 12:43:47 AM : Request received: /getItem
info: 1/27/2024, 12:44:06 AM : Request received: /getItem
info: 1/27/2024, 12:44:59 AM : Request received: /getItem
info: 1/27/2024, 12:44:59 AM : Request received: /getItem
info: 1/27/2024, 12:45:08 AM : Request received: /getItems
info: 1/27/2024, 12:46:20 AM : Request received: /getItems
info: 1/27/2024, 12:46:20 AM : Request received: /getItems
info: 1/27/2024, 12:46:27 AM : Request received: /updateItem
info: 1/27/2024, 12:46:27 AM : Request received: /updateItem
info: 1/27/2024, 12:46:35 AM : Request received: /deleteItem
info: 1/27/2024, 12:46:35 AM : Request received: /deleteItem
info: 1/27/2024, 12:46:57 AM : Request received: /deleteItem
info: 1/27/2024, 12:46:57 AM : Request received: /deleteItem
info: 1/27/2024, 12:47:26 AM : Request received: /deleteItem
info: 1/27/2024, 12:47:26 AM : Request received: /deleteItem
info: 1/27/2024, 4:16:31 PM : Request received: /getItems
info: 1/27/2024, 4:16:31 PM : Request received: /getItems
info: 1/27/2024, 4:17:38 PM : Request received: /getItem
info: 1/27/2024, 4:17:38 PM : Request received: /getItem
info: 1/27/2024, 4:19:30 PM : Request received: /addItem
info: 1/27/2024, 4:19:30 PM : Request received: /addItem
info: 1/27/2024, 4:20:40 PM : Request received: /updateItem
info: 1/27/2024, 4:20:40 PM : Request received: /updateItem
info: 1/27/2024, 4:20:44 PM : Request received: /updateItem
info: 1/27/2024, 4:20:44 PM : Request received: /updateItem
info: 1/27/2024, 4:21:46 PM : Request received: /deleteItem
info: 1/27/2024, 4:21:46 PM : Request received: /deleteItem
info: 2/1/2024, 11:53:29 AM : Request received: /getItems
info: 2/1/2024, 11:55:20 AM : Request received: /getItems
info: 2/1/2024, 11:56:47 AM : Request received: /getItems
info: 2/1/2024, 11:57:48 AM : Request received: /getItems
info: 2/1/2024, 11:59:37 AM : Request received: /getItems
info: 2/1/2024, 11:59:58 AM : Request received: /getItems
info: 2/1/2024, 12:00:02 PM : Request received: /getItems
info: 2/1/2024, 12:00:26 PM : Request received: /getItems
info: 2/1/2024, 12:00:28 PM : Request received: /getItems
info: 2/1/2024, 12:00:47 PM : Request received: /getItem
info: 2/1/2024, 4:51:01 PM : Request received: /getItem
info: 2/1/2024, 4:51:14 PM : Request received: /getItems
info: 2/1/2024, 4:52:51 PM : Request received: /getItems
info: 2/1/2024, 4:52:51 PM : Request received: /getItem
info: 2/1/2024, 4:54:52 PM : Request received: /getItem
info: 2/1/2024, 4:54:52 PM : Request received: /getItem
info: 2/1/2024, 5:05:45 PM : Request received: /getItem
info: 2/1/2024, 5:07:35 PM : Request received: /getItems
info: 2/1/2024, 5:08:03 PM : Request received: /getItems
info: 2/1/2024, 5:11:02 PM : Request received: /getItems
info: 2/1/2024, 5:11:38 PM : Request received: /getItem
info: 2/1/2024, 5:12:14 PM : Request received: /getItem
info: 2/1/2024, 5:12:40 PM : Request received: /getItem
info: 2/1/2024, 5:17:18 PM : Request received: /addItem
info: 2/1/2024, 5:18:11 PM : Request received: /addItem
info: 2/1/2024, 5:21:06 PM : Request received: /updateItem
info: 2/1/2024, 5:22:00 PM : Request received: /updateItem
info: 2/1/2024, 5:22:44 PM : Request received: /updateItem
info: 2/1/2024, 5:23:26 PM : Request received: /updateItem
info: 2/1/2024, 5:25:17 PM : Request received: /updateItem
info: 2/1/2024, 5:26:02 PM : Request received: /updateItem
info: 2/1/2024, 5:27:27 PM : Request received: /updateItem
info: 2/1/2024, 5:27:36 PM : Request received: /updateItem
info: 2/1/2024, 5:28:41 PM : Request received: /updateItem
info: 2/1/2024, 5:38:24 PM : Request received: /deleteItem
info: 2/1/2024, 5:40:00 PM : Request received: /addItem
info: 2/1/2024, 5:40:14 PM : Request received: /deleteItem
info: 2/1/2024, 5:40:43 PM : Request received: /addItem
info: 2/1/2024, 5:40:46 PM : Request received: /deleteItem
info: 2/1/2024, 5:40:48 PM : Request received: /deleteItem
info: 2/1/2024, 5:40:50 PM : Request received: /deleteItem
info: 2/1/2024, 5:40:51 PM : Request received: /deleteItem
info: 2/1/2024, 5:40:52 PM : Request received: /deleteItem
info: 2/1/2024, 5:40:53 PM : Request received: /deleteItem
info: 2/1/2024, 5:44:00 PM : Request received: /deleteItem
info: 2/1/2024, 5:44:40 PM : Request received: /deleteItem
info: 2/1/2024, 5:45:19 PM : Request received: /deleteItem
info: 2/1/2024, 5:46:36 PM : Request received: /deleteItem
info: 2/1/2024, 5:48:27 PM : Request received: /deleteItem
info: 2/1/2024, 5:48:51 PM : Request received: /deleteItem
info: 2/1/2024, 5:51:13 PM : Request received: /deleteItem
info: 2/1/2024, 5:51:51 PM : Request received: /deleteItem
info: 2/1/2024, 5:52:02 PM : Request received: /deleteItem
info: 2/1/2024, 5:52:15 PM : Request received: /addItem
info: 2/1/2024, 5:52:21 PM : Request received: /deleteItem
info: 2/1/2024, 5:52:31 PM : Request received: /addItem
info: 2/1/2024, 5:52:57 PM : Request received: /updateItem
info: 2/1/2024, 5:53:09 PM : Request received: /getItem
info: 2/1/2024, 5:53:15 PM : Request received: /getItems
info: 2/1/2024, 5:53:36 PM : Request received: /addItem
info: 2/1/2024, 5:53:40 PM : Request received: /getItems
info: 2/1/2024, 5:53:56 PM : Request received: /addItem
info: 2/1/2024, 5:54:40 PM : Request received: /addItem
info: 2/1/2024, 5:54:55 PM : Request received: /addItem
info: 2/1/2024, 5:55:51 PM : Request received: /addItem
info: 2/1/2024, 5:58:39 PM : Request received: /addItem
info: 2/1/2024, 6:00:01 PM : Request received: /addItem
info: 2/1/2024, 6:00:11 PM : Request received: /addItem
info: 2/1/2024, 6:01:45 PM : Request received: /addItem
info: 2/1/2024, 6:01:56 PM : Request received: /addItem
info: 2/1/2024, 6:02:51 PM : Request received: /addItem
info: 2/1/2024, 6:03:01 PM : Request received: /addItem
info: 2/1/2024, 6:03:37 PM : Request received: /deleteItem
info: 2/1/2024, 6:03:47 PM : Request received: /getItems
info: 2/1/2024, 6:03:53 PM : Request received: /getItem
info: 2/1/2024, 6:03:57 PM : Request received: /getItem
info: 2/1/2024, 6:03:58 PM : Request received: /getItem
info: 2/1/2024, 6:06:01 PM : Request received: /getItem
info: 2/1/2024, 6:06:03 PM : Request received: /getItem
info: 2/1/2024, 6:06:58 PM : Request received: /getItem
info: 2/1/2024, 6:07:06 PM : Request received: /getItem
info: 2/1/2024, 6:08:03 PM : Request received: /getItem
info: 2/1/2024, 6:08:44 PM : Request received: /getItem
info: 2/1/2024, 6:09:08 PM : Request received: /getItem
info: 2/1/2024, 6:09:19 PM : Request received: /getItem
info: 2/1/2024, 6:09:32 PM : Request received: /getItem
info: 2/1/2024, 6:09:48 PM : Request received: /getItem
info: 2/1/2024, 9:17:44 PM : Request received: /getItems
info: 2/1/2024, 9:19:32 PM : Request received: /getItems
info: 2/1/2024, 9:19:45 PM : Request received: /getItems
info: 2/1/2024, 9:19:55 PM : Request received: /getItems
info: 2/1/2024, 9:19:56 PM : Request received: /getItems
info: 2/1/2024, 9:20:08 PM : Request received: /getItems
info: 2/1/2024, 9:20:10 PM : Request received: /getItems
info: 2/1/2024, 9:20:10 PM : Request received: /getItem
info: 2/1/2024, 9:20:19 PM : Request received: /getItems
info: 2/1/2024, 9:20:21 PM : Request received: /getItems
info: 2/1/2024, 9:20:21 PM : Request received: /getItem
info: 2/1/2024, 9:20:21 PM : Request received: /getItem
info: 2/1/2024, 9:20:31 PM : Request received: /getItems
info: 2/1/2024, 9:20:33 PM : Request received: /getItems
info: 2/1/2024, 9:20:33 PM : Request received: /getItem
info: 2/1/2024, 9:20:33 PM : Request received: /getItem
info: 2/1/2024, 9:20:33 PM : Request received: /addItem
info: 2/1/2024, 9:21:47 PM : Request received: /getItems
info: 2/1/2024, 9:21:48 PM : Request received: /getItems
info: 2/1/2024, 9:21:48 PM : Request received: /getItem
info: 2/1/2024, 9:21:48 PM : Request received: /getItem
info: 2/1/2024, 9:21:48 PM : Request received: /addItem
info: 2/1/2024, 9:22:00 PM : Request received: /getItems
info: 2/1/2024, 9:22:01 PM : Request received: /getItems
info: 2/1/2024, 9:22:01 PM : Request received: /getItem
info: 2/1/2024, 9:22:02 PM : Request received: /getItem
info: 2/1/2024, 9:22:57 PM : Request received: /getItems
info: 2/1/2024, 9:23:01 PM : Request received: /getItems
info: 2/1/2024, 9:23:01 PM : Request received: /getItem
info: 2/1/2024, 9:23:01 PM : Request received: /getItem
info: 2/1/2024, 9:23:18 PM : Request received: /getItems
info: 2/1/2024, 9:23:20 PM : Request received: /getItems
info: 2/1/2024, 9:23:20 PM : Request received: /getItem
info: 2/1/2024, 9:23:20 PM : Request received: /getItem
info: 2/1/2024, 9:23:20 PM : Request received: /addItem
info: 2/1/2024, 9:23:42 PM : Request received: /getItems
info: 2/1/2024, 9:23:43 PM : Request received: /getItems
info: 2/1/2024, 9:23:44 PM : Request received: /getItem
info: 2/1/2024, 9:23:44 PM : Request received: /getItem
info: 2/1/2024, 9:23:44 PM : Request received: /addItem
info: 2/1/2024, 9:25:23 PM : Request received: /getItems
info: 2/1/2024, 9:25:24 PM : Request received: /getItems
info: 2/1/2024, 9:25:24 PM : Request received: /getItem
info: 2/1/2024, 9:25:24 PM : Request received: /getItem
info: 2/1/2024, 9:27:53 PM : Request received: /addItem
info: 2/1/2024, 9:29:02 PM : Request received: /getItems
info: 2/1/2024, 9:29:03 PM : Request received: /getItems
info: 2/1/2024, 9:29:04 PM : Request received: /getItem
info: 2/1/2024, 9:29:04 PM : Request received: /getItem
info: 2/4/2024, 5:31:44 PM : Request received: /getItems
info: 2/4/2024, 5:31:46 PM : Request received: /getItem
info: 2/4/2024, 5:31:46 PM : Request received: /addItem
info: 2/4/2024, 5:31:46 PM : Request received: /updateItem
info: 2/4/2024, 5:31:47 PM : Request received: /deleteItem
info: 2/4/2024, 5:38:13 PM : Request received: /getItems
info: 2/4/2024, 5:38:14 PM : Request received: /getItem
info: 2/4/2024, 5:38:15 PM : Request received: /addItem
info: 2/4/2024, 5:38:15 PM : Request received: /updateItem
info: 2/4/2024, 5:38:15 PM : Request received: /deleteItem
info: 2/4/2024, 5:42:11 PM : Request received: /getItems
info: 2/4/2024, 5:42:13 PM : Request received: /getItem
info: 2/4/2024, 5:42:13 PM : Request received: /addItem
info: 2/4/2024, 5:42:13 PM : Request received: /updateItem
info: 2/4/2024, 5:42:13 PM : Request received: /deleteItem
info: 2/4/2024, 6:08:31 PM : Request received: /deleteItem
info: 2/4/2024, 6:08:36 PM : Request received: /deleteItem
info: 2/4/2024, 6:08:37 PM : Request received: /deleteItem
info: 2/4/2024, 6:08:38 PM : Request received: /deleteItem
info: 2/4/2024, 6:08:39 PM : Request received: /deleteItem
info: 2/4/2024, 6:08:40 PM : Request received: /deleteItem
info: 2/4/2024, 6:08:41 PM : Request received: /deleteItem
info: 2/4/2024, 6:08:42 PM : Request received: /deleteItem
info: 2/4/2024, 6:08:42 PM : Request received: /deleteItem
info: 2/4/2024, 6:08:43 PM : Request received: /deleteItem
info: 2/4/2024, 6:08:44 PM : Request received: /deleteItem
info: 2/4/2024, 6:08:45 PM : Request received: /deleteItem
info: 2/4/2024, 6:08:57 PM : Request received: /addItem
info: 2/4/2024, 6:09:09 PM : Request received: /deleteItem
info: 2/4/2024, 6:09:11 PM : Request received: /deleteItem
info: 2/4/2024, 6:10:03 PM : Request received: /getItem
info: 2/4/2024, 6:10:13 PM : Request received: /getItem
